nohup: ignoring input
Loaded a graph (16 nodes, 20 edges)
initial MDL: 5.89221013419
Looping through all partitions for the 16-node network
1000 partitions tried. 0.1 seconds so far. Best: 3.78961322102 (iter. # 102)
10000 partitions tried. 1.1 seconds so far. Best: 3.78961322102 (iter. # 102)
100000 partitions tried. 11.5 seconds so far. Best: 3.78961322102 (iter. # 102)
1000000 partitions tried. 117.1 seconds so far. Best: 3.78961322102 (iter. # 102)
10000000 partitions tried. 1191.6 seconds so far. Best: 3.50361182943 (iter. # 8406545)
50000000 partitions tried. 6064.1 seconds so far. Best: 3.50361182943 (iter. # 8406545)
100000000 partitions tried. 12175.0 seconds so far. Best: 3.50361182943 (iter. # 8406545)
150000000 partitions tried. 18350.2 seconds so far. Best: 3.50361182943 (iter. # 8406545)
200000000 partitions tried. 24623.4 seconds so far. Best: 3.50361182943 (iter. # 8406545)
250000000 partitions tried. 30719.5 seconds so far. Best: 3.50361182943 (iter. # 8406545)
300000000 partitions tried. 36841.8 seconds so far. Best: 3.50361182943 (iter. # 8406545)
350000000 partitions tried. 43081.7 seconds so far. Best: 3.50361182943 (iter. # 8406545)
400000000 partitions tried. 49196.7 seconds so far. Best: 3.50361182943 (iter. # 8406545)
450000000 partitions tried. 55310.1 seconds so far. Best: 3.50361182943 (iter. # 8406545)
500000000 partitions tried. 61513.0 seconds so far. Best: 3.50361182943 (iter. # 8406545)
550000000 partitions tried. 67714.5 seconds so far. Best: 3.50361182943 (iter. # 8406545)
600000000 partitions tried. 73873.5 seconds so far. Best: 3.50361182943 (iter. # 8406545)
650000000 partitions tried. 80142.1 seconds so far. Best: 3.50361182943 (iter. # 8406545)
700000000 partitions tried. 86269.6 seconds so far. Best: 3.50361182943 (iter. # 8406545)
750000000 partitions tried. 92577.4 seconds so far. Best: 3.50361182943 (iter. # 8406545)
800000000 partitions tried. 98687.3 seconds so far. Best: 3.50361182943 (iter. # 8406545)
850000000 partitions tried. 104886.0 seconds so far. Best: 3.50361182943 (iter. # 8406545)
900000000 partitions tried. 111160.6 seconds so far. Best: 3.50361182943 (iter. # 8406545)
950000000 partitions tried. 117457.0 seconds so far. Best: 3.50361182943 (iter. # 8406545)
1000000000 partitions tried. 123720.1 seconds so far. Best: 3.50361182943 (iter. # 8406545)
1050000000 partitions tried. 129951.8 seconds so far. Best: 3.50361182943 (iter. # 8406545)
1100000000 partitions tried. 136215.8 seconds so far. Best: 3.50361182943 (iter. # 8406545)
1150000000 partitions tried. 142525.4 seconds so far. Best: 3.50361182943 (iter. # 8406545)
1200000000 partitions tried. 148901.9 seconds so far. Best: 3.50361182943 (iter. # 8406545)
1250000000 partitions tried. 155244.8 seconds so far. Best: 3.50361182943 (iter. # 8406545)
1300000000 partitions tried. 161642.0 seconds so far. Best: 3.50361182943 (iter. # 8406545)
1350000000 partitions tried. 168120.2 seconds so far. Best: 3.50361182943 (iter. # 8406545)
1400000000 partitions tried. 174566.3 seconds so far. Best: 3.50361182943 (iter. # 8406545)
1450000000 partitions tried. 180669.0 seconds so far. Best: 3.50361182943 (iter. # 8406545)
1500000000 partitions tried. 186820.4 seconds so far. Best: 3.50361182943 (iter. # 8406545)
1550000000 partitions tried. 193094.3 seconds so far. Best: 3.50361182943 (iter. # 8406545)
1600000000 partitions tried. 199188.0 seconds so far. Best: 3.50361182943 (iter. # 8406545)
1650000000 partitions tried. 205320.7 seconds so far. Best: 3.50361182943 (iter. # 8406545)
1700000000 partitions tried. 211548.1 seconds so far. Best: 3.50361182943 (iter. # 8406545)
1750000000 partitions tried. 217729.5 seconds so far. Best: 3.50361182943 (iter. # 8406545)
1800000000 partitions tried. 223948.5 seconds so far. Best: 3.50361182943 (iter. # 8406545)
1850000000 partitions tried. 230212.6 seconds so far. Best: 3.50361182943 (iter. # 8406545)
1900000000 partitions tried. 236395.0 seconds so far. Best: 3.50361182943 (iter. # 8406545)
1950000000 partitions tried. 242700.6 seconds so far. Best: 3.50361182943 (iter. # 8406545)
2000000000 partitions tried. 248878.2 seconds so far. Best: 3.50361182943 (iter. # 8406545)
2050000000 partitions tried. 255139.7 seconds so far. Best: 3.50361182943 (iter. # 8406545)
2100000000 partitions tried. 261268.3 seconds so far. Best: 3.50361182943 (iter. # 8406545)
2150000000 partitions tried. 267427.6 seconds so far. Best: 3.50361182943 (iter. # 8406545)
2200000000 partitions tried. 273609.1 seconds so far. Best: 3.50361182943 (iter. # 8406545)
2250000000 partitions tried. 279720.9 seconds so far. Best: 3.50361182943 (iter. # 8406545)
2300000000 partitions tried. 285942.7 seconds so far. Best: 3.50361182943 (iter. # 8406545)
2350000000 partitions tried. 292280.1 seconds so far. Best: 3.50361182943 (iter. # 8406545)
2400000000 partitions tried. 298654.4 seconds so far. Best: 3.50361182943 (iter. # 8406545)
2450000000 partitions tried. 305016.3 seconds so far. Best: 3.50361182943 (iter. # 8406545)
2500000000 partitions tried. 311428.5 seconds so far. Best: 3.50361182943 (iter. # 8406545)
2550000000 partitions tried. 317920.7 seconds so far. Best: 3.50361182943 (iter. # 8406545)
2600000000 partitions tried. 324317.3 seconds so far. Best: 3.50361182943 (iter. # 8406545)
2650000000 partitions tried. 330435.3 seconds so far. Best: 3.50361182943 (iter. # 8406545)
2700000000 partitions tried. 336624.5 seconds so far. Best: 3.50361182943 (iter. # 8406545)
2750000000 partitions tried. 342806.6 seconds so far. Best: 3.50361182943 (iter. # 8406545)
2800000000 partitions tried. 348810.1 seconds so far. Best: 3.50361182943 (iter. # 8406545)
2850000000 partitions tried. 354821.0 seconds so far. Best: 3.32772869981 (iter. # 2823423090)
2900000000 partitions tried. 360988.4 seconds so far. Best: 3.32772869981 (iter. # 2823423090)
2950000000 partitions tried. 367064.0 seconds so far. Best: 3.32772869981 (iter. # 2823423090)
3000000000 partitions tried. 373232.6 seconds so far. Best: 3.32772869981 (iter. # 2823423090)
3050000000 partitions tried. 379412.8 seconds so far. Best: 3.32772869981 (iter. # 2823423090)
3100000000 partitions tried. 385554.2 seconds so far. Best: 3.32772869981 (iter. # 2823423090)
3150000000 partitions tried. 391835.9 seconds so far. Best: 3.32772869981 (iter. # 2823423090)
3200000000 partitions tried. 397985.0 seconds so far. Best: 3.32772869981 (iter. # 2823423090)
3250000000 partitions tried. 404266.3 seconds so far. Best: 3.32772869981 (iter. # 2823423090)
3300000000 partitions tried. 410490.4 seconds so far. Best: 3.32772869981 (iter. # 2823423090)
3350000000 partitions tried. 416684.2 seconds so far. Best: 3.32772869981 (iter. # 2823423090)
3400000000 partitions tried. 422890.4 seconds so far. Best: 3.32772869981 (iter. # 2823423090)
3450000000 partitions tried. 429067.5 seconds so far. Best: 3.32772869981 (iter. # 2823423090)
3500000000 partitions tried. 435217.1 seconds so far. Best: 3.32772869981 (iter. # 2823423090)
3550000000 partitions tried. 441511.6 seconds so far. Best: 3.32772869981 (iter. # 2823423090)
3600000000 partitions tried. 447756.0 seconds so far. Best: 3.32772869981 (iter. # 2823423090)
3650000000 partitions tried. 454021.6 seconds so far. Best: 3.32772869981 (iter. # 2823423090)
3700000000 partitions tried. 460435.2 seconds so far. Best: 3.32772869981 (iter. # 2823423090)
3750000000 partitions tried. 466960.8 seconds so far. Best: 3.32772869981 (iter. # 2823423090)
3800000000 partitions tried. 473329.8 seconds so far. Best: 3.32772869981 (iter. # 2823423090)
3850000000 partitions tried. 479543.3 seconds so far. Best: 3.32772869981 (iter. # 2823423090)
3900000000 partitions tried. 485876.3 seconds so far. Best: 3.32772869981 (iter. # 2823423090)
3950000000 partitions tried. 492068.7 seconds so far. Best: 3.32772869981 (iter. # 2823423090)
4000000000 partitions tried. 498376.7 seconds so far. Best: 3.32772869981 (iter. # 2823423090)
4050000000 partitions tried. 504468.4 seconds so far. Best: 3.32772869981 (iter. # 2823423090)
4100000000 partitions tried. 510676.5 seconds so far. Best: 3.32772869981 (iter. # 2823423090)
4150000000 partitions tried. 516859.9 seconds so far. Best: 3.32772869981 (iter. # 2823423090)
4200000000 partitions tried. 523061.1 seconds so far. Best: 3.32772869981 (iter. # 2823423090)
4250000000 partitions tried. 529256.6 seconds so far. Best: 3.32772869981 (iter. # 2823423090)
4300000000 partitions tried. 535374.2 seconds so far. Best: 3.32772869981 (iter. # 2823423090)
4350000000 partitions tried. 541537.4 seconds so far. Best: 3.32772869981 (iter. # 2823423090)
4400000000 partitions tried. 547709.2 seconds so far. Best: 3.32772869981 (iter. # 2823423090)
4450000000 partitions tried. 553973.4 seconds so far. Best: 3.32772869981 (iter. # 2823423090)
4500000000 partitions tried. 560207.0 seconds so far. Best: 3.32772869981 (iter. # 2823423090)
4550000000 partitions tried. 566500.1 seconds so far. Best: 3.32772869981 (iter. # 2823423090)
4600000000 partitions tried. 572844.4 seconds so far. Best: 3.32772869981 (iter. # 2823423090)
4650000000 partitions tried. 579203.2 seconds so far. Best: 3.32772869981 (iter. # 2823423090)
4700000000 partitions tried. 585239.9 seconds so far. Best: 3.32772869981 (iter. # 2823423090)
4750000000 partitions tried. 591372.7 seconds so far. Best: 3.32772869981 (iter. # 2823423090)
4800000000 partitions tried. 597292.8 seconds so far. Best: 3.32772869981 (iter. # 2823423090)
4850000000 partitions tried. 603292.8 seconds so far. Best: 3.32772869981 (iter. # 2823423090)
4900000000 partitions tried. 609287.2 seconds so far. Best: 3.32772869981 (iter. # 2823423090)
4950000000 partitions tried. 615251.4 seconds so far. Best: 3.32772869981 (iter. # 2823423090)
5000000000 partitions tried. 621337.3 seconds so far. Best: 3.32772869981 (iter. # 2823423090)
5050000000 partitions tried. 627423.2 seconds so far. Best: 3.32772869981 (iter. # 2823423090)
5100000000 partitions tried. 633545.0 seconds so far. Best: 3.32772869981 (iter. # 2823423090)
5150000000 partitions tried. 639720.5 seconds so far. Best: 3.32772869981 (iter. # 2823423090)
5200000000 partitions tried. 645931.0 seconds so far. Best: 3.32772869981 (iter. # 2823423090)
5250000000 partitions tried. 652107.7 seconds so far. Best: 3.32772869981 (iter. # 2823423090)
5300000000 partitions tried. 658347.6 seconds so far. Best: 3.32772869981 (iter. # 2823423090)
5350000000 partitions tried. 664634.1 seconds so far. Best: 3.32772869981 (iter. # 2823423090)
5400000000 partitions tried. 670881.1 seconds so far. Best: 3.32772869981 (iter. # 2823423090)
5450000000 partitions tried. 677305.6 seconds so far. Best: 3.32772869981 (iter. # 2823423090)
5500000000 partitions tried. 683787.8 seconds so far. Best: 3.32772869981 (iter. # 2823423090)
5550000000 partitions tried. 689835.4 seconds so far. Best: 3.32772869981 (iter. # 2823423090)
5600000000 partitions tried. 695990.8 seconds so far. Best: 3.32772869981 (iter. # 2823423090)
5650000000 partitions tried. 702138.0 seconds so far. Best: 3.32772869981 (iter. # 2823423090)
5700000000 partitions tried. 708239.6 seconds so far. Best: 3.32772869981 (iter. # 2823423090)
5750000000 partitions tried. 714450.8 seconds so far. Best: 3.32772869981 (iter. # 2823423090)
5800000000 partitions tried. 720495.2 seconds so far. Best: 3.32772869981 (iter. # 2823423090)
5850000000 partitions tried. 726674.8 seconds so far. Best: 3.32772869981 (iter. # 2823423090)
5900000000 partitions tried. 732783.0 seconds so far. Best: 3.32772869981 (iter. # 2823423090)
5950000000 partitions tried. 738922.6 seconds so far. Best: 3.32772869981 (iter. # 2823423090)
6000000000 partitions tried. 745104.2 seconds so far. Best: 3.32772869981 (iter. # 2823423090)
6050000000 partitions tried. 751286.1 seconds so far. Best: 3.32772869981 (iter. # 2823423090)
6100000000 partitions tried. 757357.6 seconds so far. Best: 3.32772869981 (iter. # 2823423090)
6150000000 partitions tried. 763602.2 seconds so far. Best: 3.32772869981 (iter. # 2823423090)
